10 Feb 2020 21:04:11,015 {main} INFO  com.cakir.connect.DatabaseConnection  - Treiber wurde geladen.
10 Feb 2020 21:04:11,991 {main} INFO  com.cakir.connect.DatabaseConnection  - Verbindung aufgebaut.
10 Feb 2020 21:08:08,355 {main} INFO  com.cakir.connect.DatabaseConnection  - Treiber wurde geladen.
10 Feb 2020 21:08:09,299 {main} INFO  com.cakir.connect.DatabaseConnection  - Verbindung aufgebaut.
10 Feb 2020 21:12:51,560 {main} INFO  com.cakir.connect.DatabaseConnection  - Treiber wurde geladen.
10 Feb 2020 21:12:52,465 {main} INFO  com.cakir.connect.DatabaseConnection  - Verbindung aufgebaut.
10 Feb 2020 21:33:08,391 {main} INFO  com.cakir.connect.DatabaseConnection  - Treiber wurde geladen.
10 Feb 2020 21:33:09,590 {main} INFO  com.cakir.connect.DatabaseConnection  - Verbindung aufgebaut.
10 Feb 2020 21:37:22,036 {main} INFO  com.cakir.connect.DatabaseConnection  - Treiber wurde geladen.
10 Feb 2020 21:37:23,076 {main} INFO  com.cakir.connect.DatabaseConnection  - Verbindung aufgebaut.
10 Feb 2020 21:38:06,442 {main} INFO  com.cakir.connect.DatabaseConnection  - Treiber wurde geladen.
10 Feb 2020 21:38:07,354 {main} INFO  com.cakir.connect.DatabaseConnection  - Verbindung aufgebaut.
10 Feb 2020 21:38:15,563 {main} INFO  com.cakir.connect.DatabaseConnection  - Treiber wurde geladen.
10 Feb 2020 21:38:16,506 {main} INFO  com.cakir.connect.DatabaseConnection  - Verbindung aufgebaut.
10 Feb 2020 21:39:25,474 {main} INFO  com.cakir.connect.DatabaseConnection  - Treiber wurde geladen.
10 Feb 2020 21:39:26,443 {main} INFO  com.cakir.connect.DatabaseConnection  - Verbindung aufgebaut.
10 Feb 2020 21:39:57,344 {main} INFO  com.cakir.connect.DatabaseConnection  - Treiber wurde geladen.
10 Feb 2020 21:39:58,324 {main} INFO  com.cakir.connect.DatabaseConnection  - Verbindung aufgebaut.
10 Feb 2020 21:40:47,079 {main} INFO  com.cakir.connect.DatabaseConnection  - Treiber wurde geladen.
10 Feb 2020 21:40:48,032 {main} INFO  com.cakir.connect.DatabaseConnection  - Verbindung aufgebaut.
10 Feb 2020 21:44:13,017 {main} INFO  com.cakir.connect.DatabaseConnection  - Treiber wurde geladen.
10 Feb 2020 21:44:14,030 {main} INFO  com.cakir.connect.DatabaseConnection  - Verbindung aufgebaut.
10 Feb 2020 21:49:19,226 {main} INFO  com.cakir.connect.DatabaseConnection  - Treiber wurde geladen.
10 Feb 2020 21:49:20,232 {main} INFO  com.cakir.connect.DatabaseConnection  - Verbindung aufgebaut.
10 Feb 2020 21:50:54,473 {main} INFO  com.cakir.connect.DatabaseConnection  - Treiber wurde geladen.
10 Feb 2020 21:50:55,417 {main} INFO  com.cakir.connect.DatabaseConnection  - Verbindung aufgebaut.
10 Feb 2020 21:51:36,172 {main} INFO  com.cakir.connect.DatabaseConnection  - Treiber wurde geladen.
10 Feb 2020 21:51:37,183 {main} INFO  com.cakir.connect.DatabaseConnection  - Verbindung aufgebaut.
10 Feb 2020 21:52:05,812 {main} INFO  com.cakir.connect.DatabaseConnection  - Treiber wurde geladen.
10 Feb 2020 21:52:06,807 {main} INFO  com.cakir.connect.DatabaseConnection  - Verbindung aufgebaut.
10 Feb 2020 21:54:55,406 {main} INFO  com.cakir.connect.DatabaseConnection  - Treiber wurde geladen.
10 Feb 2020 21:54:56,406 {main} INFO  com.cakir.connect.DatabaseConnection  - Verbindung aufgebaut.
10 Feb 2020 21:56:35,816 {main} INFO  com.cakir.connect.DatabaseConnection  - Treiber wurde geladen.
10 Feb 2020 21:56:36,820 {main} INFO  com.cakir.connect.DatabaseConnection  - Verbindung aufgebaut.
10 Feb 2020 21:57:06,036 {main} INFO  com.cakir.connect.DatabaseConnection  - Treiber wurde geladen.
10 Feb 2020 21:57:07,007 {main} INFO  com.cakir.connect.DatabaseConnection  - Verbindung aufgebaut.
10 Feb 2020 21:57:22,457 {main} INFO  com.cakir.connect.DatabaseConnection  - Treiber wurde geladen.
10 Feb 2020 21:57:23,477 {main} INFO  com.cakir.connect.DatabaseConnection  - Verbindung aufgebaut.
10 Feb 2020 22:04:45,324 {main} INFO  com.cakir.connect.DatabaseConnection  - Treiber wurde geladen.
10 Feb 2020 22:04:46,317 {main} INFO  com.cakir.connect.DatabaseConnection  - Verbindung aufgebaut.
10 Feb 2020 22:06:32,181 {main} INFO  com.cakir.connect.DatabaseConnection  - Treiber wurde geladen.
10 Feb 2020 22:06:33,121 {main} INFO  com.cakir.connect.DatabaseConnection  - Verbindung aufgebaut.
10 Feb 2020 22:10:01,755 {main} INFO  com.cakir.connect.DatabaseConnection  - Treiber wurde geladen.
10 Feb 2020 22:10:02,793 {main} INFO  com.cakir.connect.DatabaseConnection  - Verbindung aufgebaut.
11 Feb 2020 20:36:09,709 {main} INFO  com.cakir.connect.DatabaseConnection  - Treiber wurde geladen.
11 Feb 2020 20:36:10,925 {main} INFO  com.cakir.connect.DatabaseConnection  - Verbindung aufgebaut.
11 Feb 2020 20:40:11,968 {main} INFO  com.cakir.connect.DatabaseConnection  - Treiber wurde geladen.
11 Feb 2020 20:40:12,905 {main} INFO  com.cakir.connect.DatabaseConnection  - Verbindung aufgebaut.
11 Feb 2020 20:41:35,981 {main} INFO  com.cakir.connect.DatabaseConnection  - Treiber wurde geladen.
11 Feb 2020 20:41:36,915 {main} INFO  com.cakir.connect.DatabaseConnection  - Verbindung aufgebaut.
11 Feb 2020 20:41:42,073 {main} INFO  com.cakir.connect.DatabaseConnection  - Treiber wurde geladen.
11 Feb 2020 20:41:42,950 {main} INFO  com.cakir.connect.DatabaseConnection  - Verbindung aufgebaut.
11 Feb 2020 20:43:01,604 {main} INFO  com.cakir.connect.DatabaseConnection  - Treiber wurde geladen.
11 Feb 2020 20:43:02,567 {main} INFO  com.cakir.connect.DatabaseConnection  - Verbindung aufgebaut.
11 Feb 2020 20:43:32,242 {main} INFO  com.cakir.connect.DatabaseConnection  - Treiber wurde geladen.
11 Feb 2020 20:43:33,170 {main} INFO  com.cakir.connect.DatabaseConnection  - Verbindung aufgebaut.
11 Feb 2020 20:44:28,314 {main} INFO  com.cakir.connect.DatabaseConnection  - Treiber wurde geladen.
11 Feb 2020 20:44:29,315 {main} INFO  com.cakir.connect.DatabaseConnection  - Verbindung aufgebaut.
11 Feb 2020 20:47:51,028 {main} INFO  com.cakir.connect.DatabaseConnection  - Treiber wurde geladen.
11 Feb 2020 20:47:52,034 {main} INFO  com.cakir.connect.DatabaseConnection  - Verbindung aufgebaut.
11 Feb 2020 20:49:12,304 {main} INFO  com.cakir.connect.DatabaseConnection  - Treiber wurde geladen.
11 Feb 2020 20:49:13,494 {main} INFO  com.cakir.connect.DatabaseConnection  - Verbindung aufgebaut.
11 Feb 2020 20:51:35,653 {main} INFO  com.cakir.connect.DatabaseConnection  - Treiber wurde geladen.
11 Feb 2020 20:51:36,724 {main} INFO  com.cakir.connect.DatabaseConnection  - Verbindung aufgebaut.
11 Feb 2020 20:52:14,515 {main} INFO  com.cakir.connect.DatabaseConnection  - Treiber wurde geladen.
11 Feb 2020 20:52:15,489 {main} INFO  com.cakir.connect.DatabaseConnection  - Verbindung aufgebaut.
11 Feb 2020 20:53:04,593 {main} INFO  com.cakir.connect.DatabaseConnection  - Treiber wurde geladen.
11 Feb 2020 20:53:05,521 {main} INFO  com.cakir.connect.DatabaseConnection  - Verbindung aufgebaut.
11 Feb 2020 20:54:31,788 {main} INFO  com.cakir.connect.DatabaseConnection  - Treiber wurde geladen.
11 Feb 2020 20:54:32,989 {main} INFO  com.cakir.connect.DatabaseConnection  - Verbindung aufgebaut.
11 Feb 2020 20:55:32,440 {main} INFO  com.cakir.connect.DatabaseConnection  - Treiber wurde geladen.
11 Feb 2020 20:55:33,538 {main} INFO  com.cakir.connect.DatabaseConnection  - Verbindung aufgebaut.
11 Feb 2020 20:56:16,546 {main} INFO  com.cakir.connect.DatabaseConnection  - Treiber wurde geladen.
11 Feb 2020 20:56:17,604 {main} INFO  com.cakir.connect.DatabaseConnection  - Verbindung aufgebaut.
11 Feb 2020 20:57:18,595 {main} INFO  com.cakir.connect.DatabaseConnection  - Treiber wurde geladen.
11 Feb 2020 20:57:19,577 {main} INFO  com.cakir.connect.DatabaseConnection  - Verbindung aufgebaut.
11 Feb 2020 20:57:25,441 {main} INFO  com.cakir.connect.DatabaseConnection  - Treiber wurde geladen.
11 Feb 2020 20:57:26,448 {main} INFO  com.cakir.connect.DatabaseConnection  - Verbindung aufgebaut.
11 Feb 2020 21:33:03,729 {main} INFO  com.cakir.connect.DatabaseConnection  - Treiber wurde geladen.
11 Feb 2020 21:33:04,673 {main} INFO  com.cakir.connect.DatabaseConnection  - Verbindung aufgebaut.
11 Feb 2020 21:34:18,320 {main} INFO  com.cakir.connect.DatabaseConnection  - Treiber wurde geladen.
11 Feb 2020 21:34:19,232 {main} INFO  com.cakir.connect.DatabaseConnection  - Verbindung aufgebaut.
11 Feb 2020 21:36:26,864 {main} INFO  com.cakir.connect.DatabaseConnection  - Treiber wurde geladen.
11 Feb 2020 21:36:27,816 {main} INFO  com.cakir.connect.DatabaseConnection  - Verbindung aufgebaut.
11 Feb 2020 21:37:36,273 {main} INFO  com.cakir.connect.DatabaseConnection  - Treiber wurde geladen.
11 Feb 2020 21:37:37,438 {main} INFO  com.cakir.connect.DatabaseConnection  - Verbindung aufgebaut.
11 Feb 2020 21:44:26,231 {main} INFO  com.cakir.connect.DatabaseConnection  - Treiber wurde geladen.
11 Feb 2020 21:44:27,371 {main} INFO  com.cakir.connect.DatabaseConnection  - Verbindung aufgebaut.
11 Feb 2020 21:46:00,286 {main} INFO  com.cakir.connect.DatabaseConnection  - Treiber wurde geladen.
11 Feb 2020 21:46:01,937 {main} INFO  com.cakir.connect.DatabaseConnection  - Verbindung aufgebaut.
11 Feb 2020 21:46:44,369 {main} INFO  com.cakir.connect.DatabaseConnection  - Treiber wurde geladen.
11 Feb 2020 21:46:45,376 {main} INFO  com.cakir.connect.DatabaseConnection  - Verbindung aufgebaut.
11 Feb 2020 21:47:44,166 {main} INFO  com.cakir.connect.DatabaseConnection  - Treiber wurde geladen.
11 Feb 2020 21:47:45,097 {main} INFO  com.cakir.connect.DatabaseConnection  - Verbindung aufgebaut.
11 Feb 2020 21:50:00,841 {main} INFO  com.cakir.connect.DatabaseConnection  - Treiber wurde geladen.
11 Feb 2020 21:50:01,785 {main} INFO  com.cakir.connect.DatabaseConnection  - Verbindung aufgebaut.
11 Feb 2020 22:04:11,639 {main} INFO  com.cakir.connect.DatabaseConnection  - Treiber wurde geladen.
11 Feb 2020 22:04:12,639 {main} INFO  com.cakir.connect.DatabaseConnection  - Verbindung aufgebaut.
11 Feb 2020 22:11:40,002 {main} INFO  com.cakir.connect.DatabaseConnection  - Treiber wurde geladen.
11 Feb 2020 22:11:42,478 {main} INFO  com.cakir.connect.DatabaseConnection  - Verbindung aufgebaut.
11 Feb 2020 22:13:04,928 {main} INFO  com.cakir.connect.DatabaseConnection  - Treiber wurde geladen.
11 Feb 2020 22:13:05,908 {main} INFO  com.cakir.connect.DatabaseConnection  - Verbindung aufgebaut.
11 Feb 2020 22:13:22,461 {main} INFO  com.cakir.connect.DatabaseConnection  - Treiber wurde geladen.
11 Feb 2020 22:13:23,488 {main} INFO  com.cakir.connect.DatabaseConnection  - Verbindung aufgebaut.
11 Feb 2020 22:15:23,896 {main} INFO  com.cakir.connect.DatabaseConnection  - Treiber wurde geladen.
11 Feb 2020 22:15:24,896 {main} INFO  com.cakir.connect.DatabaseConnection  - Verbindung aufgebaut.
11 Feb 2020 22:16:45,022 {main} INFO  com.cakir.connect.DatabaseConnection  - Treiber wurde geladen.
11 Feb 2020 22:16:46,034 {main} INFO  com.cakir.connect.DatabaseConnection  - Verbindung aufgebaut.
11 Feb 2020 22:16:54,428 {main} INFO  com.cakir.connect.DatabaseConnection  - Treiber wurde geladen.
11 Feb 2020 22:16:55,427 {main} INFO  com.cakir.connect.DatabaseConnection  - Verbindung aufgebaut.
11 Feb 2020 22:17:27,919 {main} INFO  com.cakir.connect.DatabaseConnection  - Treiber wurde geladen.
11 Feb 2020 22:17:28,950 {main} INFO  com.cakir.connect.DatabaseConnection  - Verbindung aufgebaut.
11 Feb 2020 22:23:04,207 {main} INFO  com.cakir.connect.DatabaseConnection  - Treiber wurde geladen.
11 Feb 2020 22:23:05,435 {main} INFO  com.cakir.connect.DatabaseConnection  - Verbindung aufgebaut.
11 Feb 2020 22:24:44,210 {main} INFO  com.cakir.connect.DatabaseConnection  - Treiber wurde geladen.
11 Feb 2020 22:24:45,215 {main} INFO  com.cakir.connect.DatabaseConnection  - Verbindung aufgebaut.
11 Feb 2020 22:27:00,844 {main} INFO  com.cakir.connect.DatabaseConnection  - Treiber wurde geladen.
11 Feb 2020 22:27:02,113 {main} INFO  com.cakir.connect.DatabaseConnection  - Verbindung aufgebaut.
11 Feb 2020 22:27:50,846 {main} INFO  com.cakir.connect.DatabaseConnection  - Treiber wurde geladen.
11 Feb 2020 22:27:51,834 {main} INFO  com.cakir.connect.DatabaseConnection  - Verbindung aufgebaut.
11 Feb 2020 22:28:28,369 {main} INFO  com.cakir.connect.DatabaseConnection  - Treiber wurde geladen.
11 Feb 2020 22:28:29,302 {main} INFO  com.cakir.connect.DatabaseConnection  - Verbindung aufgebaut.
11 Feb 2020 22:30:46,682 {main} INFO  com.cakir.connect.DatabaseConnection  - Treiber wurde geladen.
11 Feb 2020 22:30:47,621 {main} INFO  com.cakir.connect.DatabaseConnection  - Verbindung aufgebaut.
11 Feb 2020 22:31:19,324 {main} INFO  com.cakir.connect.DatabaseConnection  - Treiber wurde geladen.
11 Feb 2020 22:31:20,323 {main} INFO  com.cakir.connect.DatabaseConnection  - Verbindung aufgebaut.
11 Feb 2020 22:32:02,111 {main} INFO  com.cakir.connect.DatabaseConnection  - Treiber wurde geladen.
11 Feb 2020 22:32:03,116 {main} INFO  com.cakir.connect.DatabaseConnection  - Verbindung aufgebaut.
11 Feb 2020 22:33:49,950 {main} INFO  com.cakir.connect.DatabaseConnection  - Treiber wurde geladen.
11 Feb 2020 22:33:50,956 {main} INFO  com.cakir.connect.DatabaseConnection  - Verbindung aufgebaut.
11 Feb 2020 22:34:14,961 {main} INFO  com.cakir.connect.DatabaseConnection  - Treiber wurde geladen.
11 Feb 2020 22:34:15,935 {main} INFO  com.cakir.connect.DatabaseConnection  - Verbindung aufgebaut.
11 Feb 2020 22:35:06,522 {main} INFO  com.cakir.connect.DatabaseConnection  - Treiber wurde geladen.
11 Feb 2020 22:35:07,438 {main} INFO  com.cakir.connect.DatabaseConnection  - Verbindung aufgebaut.
11 Feb 2020 22:37:57,025 {main} INFO  com.cakir.connect.DatabaseConnection  - Treiber wurde geladen.
11 Feb 2020 22:37:58,158 {main} INFO  com.cakir.connect.DatabaseConnection  - Verbindung aufgebaut.
11 Feb 2020 22:38:25,423 {main} INFO  com.cakir.connect.DatabaseConnection  - Treiber wurde geladen.
11 Feb 2020 22:38:26,365 {main} INFO  com.cakir.connect.DatabaseConnection  - Verbindung aufgebaut.
11 Feb 2020 22:38:48,152 {main} INFO  com.cakir.connect.DatabaseConnection  - Treiber wurde geladen.
11 Feb 2020 22:38:49,218 {main} INFO  com.cakir.connect.DatabaseConnection  - Verbindung aufgebaut.
11 Feb 2020 22:39:07,282 {main} INFO  com.cakir.connect.DatabaseConnection  - Treiber wurde geladen.
11 Feb 2020 22:39:08,209 {main} INFO  com.cakir.connect.DatabaseConnection  - Verbindung aufgebaut.
11 Feb 2020 22:40:26,244 {main} INFO  com.cakir.connect.DatabaseConnection  - Treiber wurde geladen.
11 Feb 2020 22:40:27,240 {main} INFO  com.cakir.connect.DatabaseConnection  - Verbindung aufgebaut.
12 Feb 2020 19:38:24,106 {main} INFO  com.cakir.connect.DatabaseConnection  - Treiber wurde geladen.
12 Feb 2020 19:38:25,128 {main} INFO  com.cakir.connect.DatabaseConnection  - Verbindung aufgebaut.
12 Feb 2020 19:40:10,308 {main} INFO  com.cakir.connect.DatabaseConnection  - Treiber wurde geladen.
12 Feb 2020 19:40:11,313 {main} INFO  com.cakir.connect.DatabaseConnection  - Verbindung aufgebaut.
12 Feb 2020 20:46:42,095 {main} INFO  com.cakir.connect.DatabaseConnection  - Treiber wurde geladen.
12 Feb 2020 20:46:42,961 {main} INFO  com.cakir.connect.DatabaseConnection  - Verbindung aufgebaut.
12 Feb 2020 20:46:42,963 {main} INFO  com.cakir.connect.DatabaseConnection  - Treiber wurde geladen.
12 Feb 2020 20:46:42,978 {main} INFO  com.cakir.connect.DatabaseConnection  - Verbindung aufgebaut.
12 Feb 2020 20:47:37,938 {main} INFO  com.cakir.connect.DatabaseConnection  - Treiber wurde geladen.
12 Feb 2020 20:47:38,879 {main} INFO  com.cakir.connect.DatabaseConnection  - Verbindung aufgebaut.
12 Feb 2020 20:47:38,881 {main} INFO  com.cakir.connect.DatabaseConnection  - Treiber wurde geladen.
12 Feb 2020 20:47:38,902 {main} INFO  com.cakir.connect.DatabaseConnection  - Verbindung aufgebaut.
12 Feb 2020 20:47:53,314 {main} INFO  com.cakir.connect.DatabaseConnection  - Treiber wurde geladen.
12 Feb 2020 20:47:54,212 {main} INFO  com.cakir.connect.DatabaseConnection  - Verbindung aufgebaut.
12 Feb 2020 20:47:54,213 {main} INFO  com.cakir.connect.DatabaseConnection  - Treiber wurde geladen.
12 Feb 2020 20:47:54,227 {main} INFO  com.cakir.connect.DatabaseConnection  - Verbindung aufgebaut.
12 Feb 2020 21:05:31,152 {main} INFO  com.cakir.connect.DatabaseConnection  - Treiber wurde geladen.
12 Feb 2020 21:05:32,165 {main} INFO  com.cakir.connect.DatabaseConnection  - Verbindung aufgebaut.
12 Feb 2020 21:05:32,167 {main} INFO  com.cakir.connect.DatabaseConnection  - Treiber wurde geladen.
12 Feb 2020 21:05:32,187 {main} INFO  com.cakir.connect.DatabaseConnection  - Verbindung aufgebaut.
12 Feb 2020 21:06:33,182 {main} INFO  com.cakir.connect.DatabaseConnection  - Treiber wurde geladen.
12 Feb 2020 21:06:34,140 {main} INFO  com.cakir.connect.DatabaseConnection  - Verbindung aufgebaut.
12 Feb 2020 21:06:34,142 {main} INFO  com.cakir.connect.DatabaseConnection  - Treiber wurde geladen.
12 Feb 2020 21:06:34,158 {main} INFO  com.cakir.connect.DatabaseConnection  - Verbindung aufgebaut.
12 Feb 2020 21:12:21,457 {main} INFO  com.cakir.connect.DatabaseConnection  - Treiber wurde geladen.
12 Feb 2020 21:12:22,434 {main} INFO  com.cakir.connect.DatabaseConnection  - Verbindung aufgebaut.
12 Feb 2020 21:12:22,436 {main} INFO  com.cakir.connect.DatabaseConnection  - Treiber wurde geladen.
12 Feb 2020 21:12:22,452 {main} INFO  com.cakir.connect.DatabaseConnection  - Verbindung aufgebaut.
12 Feb 2020 21:12:22,453 {main} INFO  com.cakir.connect.DatabaseConnection  - Treiber wurde geladen.
12 Feb 2020 21:12:22,466 {main} INFO  com.cakir.connect.DatabaseConnection  - Verbindung aufgebaut.
12 Feb 2020 21:13:12,006 {main} INFO  com.cakir.connect.DatabaseConnection  - Treiber wurde geladen.
12 Feb 2020 21:13:12,968 {main} INFO  com.cakir.connect.DatabaseConnection  - Verbindung aufgebaut.
12 Feb 2020 21:13:12,970 {main} INFO  com.cakir.connect.DatabaseConnection  - Treiber wurde geladen.
12 Feb 2020 21:13:12,986 {main} INFO  com.cakir.connect.DatabaseConnection  - Verbindung aufgebaut.
12 Feb 2020 21:13:12,986 {main} INFO  com.cakir.connect.DatabaseConnection  - Treiber wurde geladen.
12 Feb 2020 21:13:12,999 {main} INFO  com.cakir.connect.DatabaseConnection  - Verbindung aufgebaut.
12 Feb 2020 21:14:09,643 {main} INFO  com.cakir.connect.DatabaseConnection  - Treiber wurde geladen.
12 Feb 2020 21:14:10,611 {main} INFO  com.cakir.connect.DatabaseConnection  - Verbindung aufgebaut.
12 Feb 2020 21:14:10,613 {main} INFO  com.cakir.connect.DatabaseConnection  - Treiber wurde geladen.
12 Feb 2020 21:14:10,628 {main} INFO  com.cakir.connect.DatabaseConnection  - Verbindung aufgebaut.
12 Feb 2020 21:14:10,628 {main} INFO  com.cakir.connect.DatabaseConnection  - Treiber wurde geladen.
12 Feb 2020 21:14:10,642 {main} INFO  com.cakir.connect.DatabaseConnection  - Verbindung aufgebaut.
12 Feb 2020 21:14:47,244 {main} INFO  com.cakir.connect.DatabaseConnection  - Treiber wurde geladen.
12 Feb 2020 21:14:48,270 {main} INFO  com.cakir.connect.DatabaseConnection  - Verbindung aufgebaut.
12 Feb 2020 21:14:48,272 {main} INFO  com.cakir.connect.DatabaseConnection  - Treiber wurde geladen.
12 Feb 2020 21:14:48,286 {main} INFO  com.cakir.connect.DatabaseConnection  - Verbindung aufgebaut.
12 Feb 2020 21:14:48,287 {main} INFO  com.cakir.connect.DatabaseConnection  - Treiber wurde geladen.
12 Feb 2020 21:14:48,301 {main} INFO  com.cakir.connect.DatabaseConnection  - Verbindung aufgebaut.
12 Feb 2020 21:15:33,413 {main} INFO  com.cakir.connect.DatabaseConnection  - Treiber wurde geladen.
12 Feb 2020 21:15:34,368 {main} INFO  com.cakir.connect.DatabaseConnection  - Verbindung aufgebaut.
12 Feb 2020 21:15:34,369 {main} INFO  com.cakir.connect.DatabaseConnection  - Treiber wurde geladen.
12 Feb 2020 21:15:34,384 {main} INFO  com.cakir.connect.DatabaseConnection  - Verbindung aufgebaut.
12 Feb 2020 21:15:34,384 {main} INFO  com.cakir.connect.DatabaseConnection  - Treiber wurde geladen.
12 Feb 2020 21:15:34,399 {main} INFO  com.cakir.connect.DatabaseConnection  - Verbindung aufgebaut.
12 Feb 2020 21:29:59,971 {main} INFO  com.cakir.connect.DatabaseConnection  - Treiber wurde geladen.
12 Feb 2020 21:30:00,879 {main} INFO  com.cakir.connect.DatabaseConnection  - Verbindung aufgebaut.
12 Feb 2020 21:30:00,880 {main} INFO  com.cakir.connect.DatabaseConnection  - Treiber wurde geladen.
12 Feb 2020 21:30:00,894 {main} INFO  com.cakir.connect.DatabaseConnection  - Verbindung aufgebaut.
12 Feb 2020 21:30:00,895 {main} INFO  com.cakir.connect.DatabaseConnection  - Treiber wurde geladen.
12 Feb 2020 21:30:00,907 {main} INFO  com.cakir.connect.DatabaseConnection  - Verbindung aufgebaut.
12 Feb 2020 21:33:01,092 {main} INFO  com.cakir.connect.DatabaseConnection  - Treiber wurde geladen.
12 Feb 2020 21:33:02,042 {main} INFO  com.cakir.connect.DatabaseConnection  - Verbindung aufgebaut.
12 Feb 2020 21:33:02,043 {main} INFO  com.cakir.connect.DatabaseConnection  - Treiber wurde geladen.
12 Feb 2020 21:33:02,057 {main} INFO  com.cakir.connect.DatabaseConnection  - Verbindung aufgebaut.
12 Feb 2020 21:33:02,057 {main} INFO  com.cakir.connect.DatabaseConnection  - Treiber wurde geladen.
12 Feb 2020 21:33:02,073 {main} INFO  com.cakir.connect.DatabaseConnection  - Verbindung aufgebaut.
12 Feb 2020 21:35:29,463 {main} INFO  com.cakir.connect.DatabaseConnection  - Treiber wurde geladen.
12 Feb 2020 21:35:30,369 {main} INFO  com.cakir.connect.DatabaseConnection  - Verbindung aufgebaut.
12 Feb 2020 21:35:30,370 {main} INFO  com.cakir.connect.DatabaseConnection  - Treiber wurde geladen.
12 Feb 2020 21:35:30,421 {main} INFO  com.cakir.connect.DatabaseConnection  - Verbindung aufgebaut.
12 Feb 2020 21:35:30,421 {main} INFO  com.cakir.connect.DatabaseConnection  - Treiber wurde geladen.
12 Feb 2020 21:35:30,436 {main} INFO  com.cakir.connect.DatabaseConnection  - Verbindung aufgebaut.
12 Feb 2020 21:45:59,667 {main} INFO  com.cakir.connect.DatabaseConnection  - Treiber wurde geladen.
12 Feb 2020 21:46:00,665 {main} INFO  com.cakir.connect.DatabaseConnection  - Verbindung aufgebaut.
12 Feb 2020 21:46:00,667 {main} INFO  com.cakir.connect.DatabaseConnection  - Treiber wurde geladen.
12 Feb 2020 21:46:00,681 {main} INFO  com.cakir.connect.DatabaseConnection  - Verbindung aufgebaut.
12 Feb 2020 21:46:00,682 {main} INFO  com.cakir.connect.DatabaseConnection  - Treiber wurde geladen.
12 Feb 2020 21:46:00,696 {main} INFO  com.cakir.connect.DatabaseConnection  - Verbindung aufgebaut.
12 Feb 2020 21:47:55,634 {main} INFO  com.cakir.connect.DatabaseConnection  - Treiber wurde geladen.
12 Feb 2020 21:47:56,579 {main} INFO  com.cakir.connect.DatabaseConnection  - Verbindung aufgebaut.
12 Feb 2020 21:47:56,581 {main} INFO  com.cakir.connect.DatabaseConnection  - Treiber wurde geladen.
12 Feb 2020 21:47:56,597 {main} INFO  com.cakir.connect.DatabaseConnection  - Verbindung aufgebaut.
12 Feb 2020 21:47:56,598 {main} INFO  com.cakir.connect.DatabaseConnection  - Treiber wurde geladen.
12 Feb 2020 21:47:56,615 {main} INFO  com.cakir.connect.DatabaseConnection  - Verbindung aufgebaut.
12 Feb 2020 21:48:47,871 {main} INFO  com.cakir.connect.DatabaseConnection  - Treiber wurde geladen.
12 Feb 2020 21:48:48,811 {main} INFO  com.cakir.connect.DatabaseConnection  - Verbindung aufgebaut.
12 Feb 2020 21:48:48,812 {main} INFO  com.cakir.connect.DatabaseConnection  - Treiber wurde geladen.
12 Feb 2020 21:48:48,827 {main} INFO  com.cakir.connect.DatabaseConnection  - Verbindung aufgebaut.
12 Feb 2020 21:48:48,827 {main} INFO  com.cakir.connect.DatabaseConnection  - Treiber wurde geladen.
12 Feb 2020 21:48:48,842 {main} INFO  com.cakir.connect.DatabaseConnection  - Verbindung aufgebaut.
13 Feb 2020 19:21:35,834 {main} INFO  com.cakir.connect.DatabaseConnection  - Treiber wurde geladen.
13 Feb 2020 19:21:36,728 {main} INFO  com.cakir.connect.DatabaseConnection  - Verbindung aufgebaut.
13 Feb 2020 19:21:36,730 {main} INFO  com.cakir.connect.DatabaseConnection  - Treiber wurde geladen.
13 Feb 2020 19:21:36,746 {main} INFO  com.cakir.connect.DatabaseConnection  - Verbindung aufgebaut.
13 Feb 2020 19:21:36,746 {main} INFO  com.cakir.connect.DatabaseConnection  - Treiber wurde geladen.
13 Feb 2020 19:21:36,759 {main} INFO  com.cakir.connect.DatabaseConnection  - Verbindung aufgebaut.
13 Feb 2020 19:27:53,153 {main} INFO  com.cakir.connect.DatabaseConnection  - Treiber wurde geladen.
13 Feb 2020 19:27:54,097 {main} INFO  com.cakir.connect.DatabaseConnection  - Verbindung aufgebaut.
13 Feb 2020 19:27:54,098 {main} INFO  com.cakir.connect.DatabaseConnection  - Treiber wurde geladen.
13 Feb 2020 19:27:54,113 {main} INFO  com.cakir.connect.DatabaseConnection  - Verbindung aufgebaut.
13 Feb 2020 19:27:54,113 {main} INFO  com.cakir.connect.DatabaseConnection  - Treiber wurde geladen.
13 Feb 2020 19:27:54,127 {main} INFO  com.cakir.connect.DatabaseConnection  - Verbindung aufgebaut.
13 Feb 2020 19:30:15,704 {main} INFO  com.cakir.connect.DatabaseConnection  - Treiber wurde geladen.
13 Feb 2020 19:30:16,653 {main} INFO  com.cakir.connect.DatabaseConnection  - Verbindung aufgebaut.
13 Feb 2020 19:30:16,656 {main} INFO  com.cakir.connect.DatabaseConnection  - Treiber wurde geladen.
13 Feb 2020 19:30:16,675 {main} INFO  com.cakir.connect.DatabaseConnection  - Verbindung aufgebaut.
13 Feb 2020 19:30:16,675 {main} INFO  com.cakir.connect.DatabaseConnection  - Treiber wurde geladen.
13 Feb 2020 19:30:16,690 {main} INFO  com.cakir.connect.DatabaseConnection  - Verbindung aufgebaut.
13 Feb 2020 19:31:40,934 {main} INFO  com.cakir.connect.DatabaseConnection  - Treiber wurde geladen.
13 Feb 2020 19:31:41,834 {main} INFO  com.cakir.connect.DatabaseConnection  - Verbindung aufgebaut.
13 Feb 2020 19:31:41,835 {main} INFO  com.cakir.connect.DatabaseConnection  - Treiber wurde geladen.
13 Feb 2020 19:31:41,854 {main} INFO  com.cakir.connect.DatabaseConnection  - Verbindung aufgebaut.
13 Feb 2020 19:31:41,855 {main} INFO  com.cakir.connect.DatabaseConnection  - Treiber wurde geladen.
13 Feb 2020 19:31:41,872 {main} INFO  com.cakir.connect.DatabaseConnection  - Verbindung aufgebaut.
13 Feb 2020 19:39:39,024 {main} INFO  com.cakir.connect.DatabaseConnection  - Treiber wurde geladen.
13 Feb 2020 19:39:40,017 {main} INFO  com.cakir.connect.DatabaseConnection  - Verbindung aufgebaut.
13 Feb 2020 19:39:40,019 {main} INFO  com.cakir.connect.DatabaseConnection  - Treiber wurde geladen.
13 Feb 2020 19:39:40,035 {main} INFO  com.cakir.connect.DatabaseConnection  - Verbindung aufgebaut.
13 Feb 2020 19:39:40,035 {main} INFO  com.cakir.connect.DatabaseConnection  - Treiber wurde geladen.
13 Feb 2020 19:39:40,051 {main} INFO  com.cakir.connect.DatabaseConnection  - Verbindung aufgebaut.
13 Feb 2020 20:04:12,545 {main} INFO  com.cakir.connect.DatabaseConnection  - Treiber wurde geladen.
13 Feb 2020 20:04:13,538 {main} INFO  com.cakir.connect.DatabaseConnection  - Verbindung aufgebaut.
13 Feb 2020 20:04:13,540 {main} INFO  com.cakir.connect.DatabaseConnection  - Treiber wurde geladen.
13 Feb 2020 20:04:13,556 {main} INFO  com.cakir.connect.DatabaseConnection  - Verbindung aufgebaut.
13 Feb 2020 20:04:13,557 {main} INFO  com.cakir.connect.DatabaseConnection  - Treiber wurde geladen.
13 Feb 2020 20:04:13,569 {main} INFO  com.cakir.connect.DatabaseConnection  - Verbindung aufgebaut.
13 Feb 2020 20:07:16,626 {main} INFO  com.cakir.connect.DatabaseConnection  - Treiber wurde geladen.
13 Feb 2020 20:07:17,559 {main} INFO  com.cakir.connect.DatabaseConnection  - Verbindung aufgebaut.
13 Feb 2020 20:07:17,561 {main} INFO  com.cakir.connect.DatabaseConnection  - Treiber wurde geladen.
13 Feb 2020 20:07:17,576 {main} INFO  com.cakir.connect.DatabaseConnection  - Verbindung aufgebaut.
13 Feb 2020 20:07:17,577 {main} INFO  com.cakir.connect.DatabaseConnection  - Treiber wurde geladen.
13 Feb 2020 20:07:17,594 {main} INFO  com.cakir.connect.DatabaseConnection  - Verbindung aufgebaut.
13 Feb 2020 20:08:05,697 {main} INFO  com.cakir.connect.DatabaseConnection  - Treiber wurde geladen.
13 Feb 2020 20:08:06,631 {main} INFO  com.cakir.connect.DatabaseConnection  - Verbindung aufgebaut.
13 Feb 2020 20:08:06,633 {main} INFO  com.cakir.connect.DatabaseConnection  - Treiber wurde geladen.
13 Feb 2020 20:08:06,649 {main} INFO  com.cakir.connect.DatabaseConnection  - Verbindung aufgebaut.
13 Feb 2020 20:08:06,649 {main} INFO  com.cakir.connect.DatabaseConnection  - Treiber wurde geladen.
13 Feb 2020 20:08:06,663 {main} INFO  com.cakir.connect.DatabaseConnection  - Verbindung aufgebaut.
13 Feb 2020 20:09:35,920 {main} INFO  com.cakir.connect.DatabaseConnection  - Treiber wurde geladen.
13 Feb 2020 20:09:36,875 {main} INFO  com.cakir.connect.DatabaseConnection  - Verbindung aufgebaut.
13 Feb 2020 20:09:36,877 {main} INFO  com.cakir.connect.DatabaseConnection  - Treiber wurde geladen.
13 Feb 2020 20:09:36,893 {main} INFO  com.cakir.connect.DatabaseConnection  - Verbindung aufgebaut.
13 Feb 2020 20:09:36,893 {main} INFO  com.cakir.connect.DatabaseConnection  - Treiber wurde geladen.
13 Feb 2020 20:09:36,906 {main} INFO  com.cakir.connect.DatabaseConnection  - Verbindung aufgebaut.
13 Feb 2020 20:10:31,927 {main} INFO  com.cakir.connect.DatabaseConnection  - Treiber wurde geladen.
13 Feb 2020 20:10:32,869 {main} INFO  com.cakir.connect.DatabaseConnection  - Verbindung aufgebaut.
13 Feb 2020 20:10:32,871 {main} INFO  com.cakir.connect.DatabaseConnection  - Treiber wurde geladen.
13 Feb 2020 20:10:32,885 {main} INFO  com.cakir.connect.DatabaseConnection  - Verbindung aufgebaut.
13 Feb 2020 20:10:32,886 {main} INFO  com.cakir.connect.DatabaseConnection  - Treiber wurde geladen.
13 Feb 2020 20:10:32,900 {main} INFO  com.cakir.connect.DatabaseConnection  - Verbindung aufgebaut.
13 Feb 2020 20:13:44,747 {main} INFO  com.cakir.connect.DatabaseConnection  - Treiber wurde geladen.
13 Feb 2020 20:13:45,709 {main} INFO  com.cakir.connect.DatabaseConnection  - Verbindung aufgebaut.
13 Feb 2020 20:13:45,711 {main} INFO  com.cakir.connect.DatabaseConnection  - Treiber wurde geladen.
13 Feb 2020 20:13:45,728 {main} INFO  com.cakir.connect.DatabaseConnection  - Verbindung aufgebaut.
13 Feb 2020 20:13:45,728 {main} INFO  com.cakir.connect.DatabaseConnection  - Treiber wurde geladen.
13 Feb 2020 20:13:45,743 {main} INFO  com.cakir.connect.DatabaseConnection  - Verbindung aufgebaut.
13 Feb 2020 20:14:53,345 {main} INFO  com.cakir.connect.DatabaseConnection  - Treiber wurde geladen.
13 Feb 2020 20:14:54,296 {main} INFO  com.cakir.connect.DatabaseConnection  - Verbindung aufgebaut.
13 Feb 2020 20:14:54,298 {main} INFO  com.cakir.connect.DatabaseConnection  - Treiber wurde geladen.
13 Feb 2020 20:14:54,313 {main} INFO  com.cakir.connect.DatabaseConnection  - Verbindung aufgebaut.
13 Feb 2020 20:14:54,313 {main} INFO  com.cakir.connect.DatabaseConnection  - Treiber wurde geladen.
13 Feb 2020 20:14:54,326 {main} INFO  com.cakir.connect.DatabaseConnection  - Verbindung aufgebaut.
13 Feb 2020 20:17:35,195 {main} INFO  com.cakir.connect.DatabaseConnection  - Treiber wurde geladen.
13 Feb 2020 20:17:36,205 {main} INFO  com.cakir.connect.DatabaseConnection  - Verbindung aufgebaut.
13 Feb 2020 20:17:36,208 {main} INFO  com.cakir.connect.DatabaseConnection  - Treiber wurde geladen.
13 Feb 2020 20:17:36,224 {main} INFO  com.cakir.connect.DatabaseConnection  - Verbindung aufgebaut.
13 Feb 2020 20:17:36,224 {main} INFO  com.cakir.connect.DatabaseConnection  - Treiber wurde geladen.
13 Feb 2020 20:17:36,238 {main} INFO  com.cakir.connect.DatabaseConnection  - Verbindung aufgebaut.
13 Feb 2020 20:19:29,606 {main} INFO  com.cakir.connect.DatabaseConnection  - Treiber wurde geladen.
13 Feb 2020 20:19:30,561 {main} INFO  com.cakir.connect.DatabaseConnection  - Verbindung aufgebaut.
13 Feb 2020 20:19:30,563 {main} INFO  com.cakir.connect.DatabaseConnection  - Treiber wurde geladen.
13 Feb 2020 20:19:30,580 {main} INFO  com.cakir.connect.DatabaseConnection  - Verbindung aufgebaut.
13 Feb 2020 20:19:30,580 {main} INFO  com.cakir.connect.DatabaseConnection  - Treiber wurde geladen.
13 Feb 2020 20:19:30,595 {main} INFO  com.cakir.connect.DatabaseConnection  - Verbindung aufgebaut.
13 Feb 2020 20:20:37,321 {main} INFO  com.cakir.connect.DatabaseConnection  - Treiber wurde geladen.
13 Feb 2020 20:20:38,300 {main} INFO  com.cakir.connect.DatabaseConnection  - Verbindung aufgebaut.
13 Feb 2020 20:20:38,302 {main} INFO  com.cakir.connect.DatabaseConnection  - Treiber wurde geladen.
13 Feb 2020 20:20:38,318 {main} INFO  com.cakir.connect.DatabaseConnection  - Verbindung aufgebaut.
13 Feb 2020 20:20:38,318 {main} INFO  com.cakir.connect.DatabaseConnection  - Treiber wurde geladen.
13 Feb 2020 20:20:38,332 {main} INFO  com.cakir.connect.DatabaseConnection  - Verbindung aufgebaut.
13 Feb 2020 20:21:06,581 {main} INFO  com.cakir.connect.DatabaseConnection  - Treiber wurde geladen.
13 Feb 2020 20:21:07,611 {main} INFO  com.cakir.connect.DatabaseConnection  - Verbindung aufgebaut.
13 Feb 2020 20:21:07,614 {main} INFO  com.cakir.connect.DatabaseConnection  - Treiber wurde geladen.
13 Feb 2020 20:21:07,635 {main} INFO  com.cakir.connect.DatabaseConnection  - Verbindung aufgebaut.
13 Feb 2020 20:21:07,635 {main} INFO  com.cakir.connect.DatabaseConnection  - Treiber wurde geladen.
13 Feb 2020 20:21:07,654 {main} INFO  com.cakir.connect.DatabaseConnection  - Verbindung aufgebaut.
13 Feb 2020 20:38:36,921 {main} INFO  com.cakir.connect.DatabaseConnection  - Treiber wurde geladen.
13 Feb 2020 20:38:37,887 {main} INFO  com.cakir.connect.DatabaseConnection  - Verbindung aufgebaut.
13 Feb 2020 20:38:37,889 {main} INFO  com.cakir.connect.DatabaseConnection  - Treiber wurde geladen.
13 Feb 2020 20:38:37,906 {main} INFO  com.cakir.connect.DatabaseConnection  - Verbindung aufgebaut.
13 Feb 2020 20:38:37,907 {main} INFO  com.cakir.connect.DatabaseConnection  - Treiber wurde geladen.
13 Feb 2020 20:38:37,921 {main} INFO  com.cakir.connect.DatabaseConnection  - Verbindung aufgebaut.
13 Feb 2020 20:39:34,944 {main} INFO  com.cakir.connect.DatabaseConnection  - Treiber wurde geladen.
13 Feb 2020 20:39:35,962 {main} INFO  com.cakir.connect.DatabaseConnection  - Verbindung aufgebaut.
13 Feb 2020 20:39:35,964 {main} INFO  com.cakir.connect.DatabaseConnection  - Treiber wurde geladen.
13 Feb 2020 20:39:35,985 {main} INFO  com.cakir.connect.DatabaseConnection  - Verbindung aufgebaut.
13 Feb 2020 20:39:35,986 {main} INFO  com.cakir.connect.DatabaseConnection  - Treiber wurde geladen.
13 Feb 2020 20:39:35,999 {main} INFO  com.cakir.connect.DatabaseConnection  - Verbindung aufgebaut.
13 Feb 2020 20:40:04,666 {main} INFO  com.cakir.connect.DatabaseConnection  - Treiber wurde geladen.
13 Feb 2020 20:40:05,612 {main} INFO  com.cakir.connect.DatabaseConnection  - Verbindung aufgebaut.
13 Feb 2020 20:40:05,614 {main} INFO  com.cakir.connect.DatabaseConnection  - Treiber wurde geladen.
13 Feb 2020 20:40:05,627 {main} INFO  com.cakir.connect.DatabaseConnection  - Verbindung aufgebaut.
13 Feb 2020 20:40:05,628 {main} INFO  com.cakir.connect.DatabaseConnection  - Treiber wurde geladen.
13 Feb 2020 20:40:05,642 {main} INFO  com.cakir.connect.DatabaseConnection  - Verbindung aufgebaut.
13 Feb 2020 20:40:20,619 {main} INFO  com.cakir.connect.DatabaseConnection  - Treiber wurde geladen.
13 Feb 2020 20:40:21,605 {main} INFO  com.cakir.connect.DatabaseConnection  - Verbindung aufgebaut.
13 Feb 2020 20:40:21,607 {main} INFO  com.cakir.connect.DatabaseConnection  - Treiber wurde geladen.
13 Feb 2020 20:40:21,621 {main} INFO  com.cakir.connect.DatabaseConnection  - Verbindung aufgebaut.
13 Feb 2020 20:40:21,621 {main} INFO  com.cakir.connect.DatabaseConnection  - Treiber wurde geladen.
13 Feb 2020 20:40:21,635 {main} INFO  com.cakir.connect.DatabaseConnection  - Verbindung aufgebaut.
13 Feb 2020 20:42:29,830 {main} INFO  com.cakir.connect.DatabaseConnection  - Treiber wurde geladen.
13 Feb 2020 20:42:30,820 {main} INFO  com.cakir.connect.DatabaseConnection  - Verbindung aufgebaut.
13 Feb 2020 20:42:30,822 {main} INFO  com.cakir.connect.DatabaseConnection  - Treiber wurde geladen.
13 Feb 2020 20:42:30,838 {main} INFO  com.cakir.connect.DatabaseConnection  - Verbindung aufgebaut.
13 Feb 2020 20:42:30,839 {main} INFO  com.cakir.connect.DatabaseConnection  - Treiber wurde geladen.
13 Feb 2020 20:42:30,853 {main} INFO  com.cakir.connect.DatabaseConnection  - Verbindung aufgebaut.
13 Feb 2020 20:45:55,084 {main} INFO  com.cakir.connect.DatabaseConnection  - Treiber wurde geladen.
13 Feb 2020 20:45:56,049 {main} INFO  com.cakir.connect.DatabaseConnection  - Verbindung aufgebaut.
13 Feb 2020 20:45:56,050 {main} INFO  com.cakir.connect.DatabaseConnection  - Treiber wurde geladen.
13 Feb 2020 20:45:56,065 {main} INFO  com.cakir.connect.DatabaseConnection  - Verbindung aufgebaut.
13 Feb 2020 20:45:56,066 {main} INFO  com.cakir.connect.DatabaseConnection  - Treiber wurde geladen.
13 Feb 2020 20:45:56,083 {main} INFO  com.cakir.connect.DatabaseConnection  - Verbindung aufgebaut.
13 Feb 2020 20:47:37,429 {main} INFO  com.cakir.connect.DatabaseConnection  - Treiber wurde geladen.
13 Feb 2020 20:47:38,363 {main} INFO  com.cakir.connect.DatabaseConnection  - Verbindung aufgebaut.
13 Feb 2020 20:47:38,364 {main} INFO  com.cakir.connect.DatabaseConnection  - Treiber wurde geladen.
13 Feb 2020 20:47:38,379 {main} INFO  com.cakir.connect.DatabaseConnection  - Verbindung aufgebaut.
13 Feb 2020 20:47:38,379 {main} INFO  com.cakir.connect.DatabaseConnection  - Treiber wurde geladen.
13 Feb 2020 20:47:38,393 {main} INFO  com.cakir.connect.DatabaseConnection  - Verbindung aufgebaut.
13 Feb 2020 20:50:01,579 {main} INFO  com.cakir.connect.DatabaseConnection  - Treiber wurde geladen.
13 Feb 2020 20:50:02,516 {main} INFO  com.cakir.connect.DatabaseConnection  - Verbindung aufgebaut.
13 Feb 2020 20:50:02,518 {main} INFO  com.cakir.connect.DatabaseConnection  - Treiber wurde geladen.
13 Feb 2020 20:50:02,534 {main} INFO  com.cakir.connect.DatabaseConnection  - Verbindung aufgebaut.
13 Feb 2020 20:50:02,534 {main} INFO  com.cakir.connect.DatabaseConnection  - Treiber wurde geladen.
13 Feb 2020 20:50:02,547 {main} INFO  com.cakir.connect.DatabaseConnection  - Verbindung aufgebaut.
13 Feb 2020 20:51:32,737 {main} INFO  com.cakir.connect.DatabaseConnection  - Treiber wurde geladen.
13 Feb 2020 20:51:33,685 {main} INFO  com.cakir.connect.DatabaseConnection  - Verbindung aufgebaut.
13 Feb 2020 20:51:33,687 {main} INFO  com.cakir.connect.DatabaseConnection  - Treiber wurde geladen.
13 Feb 2020 20:51:33,703 {main} INFO  com.cakir.connect.DatabaseConnection  - Verbindung aufgebaut.
13 Feb 2020 20:51:33,703 {main} INFO  com.cakir.connect.DatabaseConnection  - Treiber wurde geladen.
13 Feb 2020 20:51:33,717 {main} INFO  com.cakir.connect.DatabaseConnection  - Verbindung aufgebaut.
13 Feb 2020 20:52:44,737 {main} INFO  com.cakir.connect.DatabaseConnection  - Treiber wurde geladen.
13 Feb 2020 20:52:45,717 {main} INFO  com.cakir.connect.DatabaseConnection  - Verbindung aufgebaut.
13 Feb 2020 20:52:45,719 {main} INFO  com.cakir.connect.DatabaseConnection  - Treiber wurde geladen.
13 Feb 2020 20:52:45,739 {main} INFO  com.cakir.connect.DatabaseConnection  - Verbindung aufgebaut.
13 Feb 2020 20:52:45,739 {main} INFO  com.cakir.connect.DatabaseConnection  - Treiber wurde geladen.
13 Feb 2020 20:52:45,753 {main} INFO  com.cakir.connect.DatabaseConnection  - Verbindung aufgebaut.
13 Feb 2020 21:13:43,760 {AWT-EventQueue-0} INFO  com.cakir.connect.DatabaseConnection  - Treiber wurde geladen.
13 Feb 2020 21:13:44,687 {AWT-EventQueue-0} INFO  com.cakir.connect.DatabaseConnection  - Verbindung aufgebaut.
13 Feb 2020 21:14:02,299 {AWT-EventQueue-0} INFO  com.cakir.connect.DatabaseConnection  - Treiber wurde geladen.
13 Feb 2020 21:14:02,314 {AWT-EventQueue-0} INFO  com.cakir.connect.DatabaseConnection  - Verbindung aufgebaut.
13 Feb 2020 21:14:02,314 {AWT-EventQueue-0} INFO  com.cakir.connect.DatabaseConnection  - Treiber wurde geladen.
13 Feb 2020 21:14:02,326 {AWT-EventQueue-0} INFO  com.cakir.connect.DatabaseConnection  - Verbindung aufgebaut.
13 Feb 2020 21:14:02,326 {AWT-EventQueue-0} INFO  com.cakir.connect.DatabaseConnection  - Treiber wurde geladen.
13 Feb 2020 21:14:02,337 {AWT-EventQueue-0} INFO  com.cakir.connect.DatabaseConnection  - Verbindung aufgebaut.
13 Feb 2020 21:15:26,905 {AWT-EventQueue-0} INFO  com.cakir.connect.DatabaseConnection  - Treiber wurde geladen.
13 Feb 2020 21:15:27,833 {AWT-EventQueue-0} INFO  com.cakir.connect.DatabaseConnection  - Verbindung aufgebaut.
13 Feb 2020 21:15:27,834 {AWT-EventQueue-0} INFO  com.cakir.connect.DatabaseConnection  - Treiber wurde geladen.
13 Feb 2020 21:15:27,848 {AWT-EventQueue-0} INFO  com.cakir.connect.DatabaseConnection  - Verbindung aufgebaut.
13 Feb 2020 21:15:27,849 {AWT-EventQueue-0} INFO  com.cakir.connect.DatabaseConnection  - Treiber wurde geladen.
13 Feb 2020 21:15:27,864 {AWT-EventQueue-0} INFO  com.cakir.connect.DatabaseConnection  - Verbindung aufgebaut.
13 Feb 2020 21:15:30,282 {AWT-EventQueue-0} INFO  com.cakir.connect.DatabaseConnection  - Treiber wurde geladen.
13 Feb 2020 21:15:30,294 {AWT-EventQueue-0} INFO  com.cakir.connect.DatabaseConnection  - Verbindung aufgebaut.
13 Feb 2020 21:17:38,393 {AWT-EventQueue-0} INFO  com.cakir.connect.DatabaseConnection  - Treiber wurde geladen.
13 Feb 2020 21:17:39,282 {AWT-EventQueue-0} INFO  com.cakir.connect.DatabaseConnection  - Verbindung aufgebaut.
13 Feb 2020 21:17:51,970 {AWT-EventQueue-0} INFO  com.cakir.connect.DatabaseConnection  - Treiber wurde geladen.
13 Feb 2020 21:17:51,982 {AWT-EventQueue-0} INFO  com.cakir.connect.DatabaseConnection  - Verbindung aufgebaut.
13 Feb 2020 21:17:51,982 {AWT-EventQueue-0} INFO  com.cakir.connect.DatabaseConnection  - Treiber wurde geladen.
13 Feb 2020 21:17:51,993 {AWT-EventQueue-0} INFO  com.cakir.connect.DatabaseConnection  - Verbindung aufgebaut.
13 Feb 2020 21:17:51,994 {AWT-EventQueue-0} INFO  com.cakir.connect.DatabaseConnection  - Treiber wurde geladen.
13 Feb 2020 21:17:52,005 {AWT-EventQueue-0} INFO  com.cakir.connect.DatabaseConnection  - Verbindung aufgebaut.
13 Feb 2020 21:18:58,872 {AWT-EventQueue-0} INFO  com.cakir.connect.DatabaseConnection  - Treiber wurde geladen.
13 Feb 2020 21:18:58,883 {AWT-EventQueue-0} INFO  com.cakir.connect.DatabaseConnection  - Verbindung aufgebaut.
13 Feb 2020 21:19:10,647 {AWT-EventQueue-0} INFO  com.cakir.connect.DatabaseConnection  - Treiber wurde geladen.
13 Feb 2020 21:19:10,659 {AWT-EventQueue-0} INFO  com.cakir.connect.DatabaseConnection  - Verbindung aufgebaut.
13 Feb 2020 21:19:12,685 {AWT-EventQueue-0} INFO  com.cakir.connect.DatabaseConnection  - Treiber wurde geladen.
13 Feb 2020 21:19:12,695 {AWT-EventQueue-0} INFO  com.cakir.connect.DatabaseConnection  - Verbindung aufgebaut.
13 Feb 2020 21:19:12,696 {AWT-EventQueue-0} INFO  com.cakir.connect.DatabaseConnection  - Treiber wurde geladen.
13 Feb 2020 21:19:12,706 {AWT-EventQueue-0} INFO  com.cakir.connect.DatabaseConnection  - Verbindung aufgebaut.
13 Feb 2020 21:19:12,706 {AWT-EventQueue-0} INFO  com.cakir.connect.DatabaseConnection  - Treiber wurde geladen.
13 Feb 2020 21:19:12,716 {AWT-EventQueue-0} INFO  com.cakir.connect.DatabaseConnection  - Verbindung aufgebaut.
13 Feb 2020 21:19:26,984 {AWT-EventQueue-0} INFO  com.cakir.connect.DatabaseConnection  - Treiber wurde geladen.
13 Feb 2020 21:19:26,994 {AWT-EventQueue-0} INFO  com.cakir.connect.DatabaseConnection  - Verbindung aufgebaut.
13 Feb 2020 21:20:14,878 {AWT-EventQueue-0} INFO  com.cakir.connect.DatabaseConnection  - Treiber wurde geladen.
13 Feb 2020 21:20:14,888 {AWT-EventQueue-0} INFO  com.cakir.connect.DatabaseConnection  - Verbindung aufgebaut.
13 Feb 2020 21:20:14,888 {AWT-EventQueue-0} INFO  com.cakir.connect.DatabaseConnection  - Treiber wurde geladen.
13 Feb 2020 21:20:14,898 {AWT-EventQueue-0} INFO  com.cakir.connect.DatabaseConnection  - Verbindung aufgebaut.
13 Feb 2020 21:20:14,899 {AWT-EventQueue-0} INFO  com.cakir.connect.DatabaseConnection  - Treiber wurde geladen.
13 Feb 2020 21:20:14,908 {AWT-EventQueue-0} INFO  com.cakir.connect.DatabaseConnection  - Verbindung aufgebaut.
13 Feb 2020 21:23:35,177 {AWT-EventQueue-0} INFO  com.cakir.connect.DatabaseConnection  - Treiber wurde geladen.
13 Feb 2020 21:23:36,122 {AWT-EventQueue-0} INFO  com.cakir.connect.DatabaseConnection  - Verbindung aufgebaut.
13 Feb 2020 21:23:36,124 {AWT-EventQueue-0} INFO  com.cakir.connect.DatabaseConnection  - Treiber wurde geladen.
13 Feb 2020 21:23:36,138 {AWT-EventQueue-0} INFO  com.cakir.connect.DatabaseConnection  - Verbindung aufgebaut.
13 Feb 2020 21:23:36,138 {AWT-EventQueue-0} INFO  com.cakir.connect.DatabaseConnection  - Treiber wurde geladen.
13 Feb 2020 21:23:36,153 {AWT-EventQueue-0} INFO  com.cakir.connect.DatabaseConnection  - Verbindung aufgebaut.
13 Feb 2020 21:47:05,237 {AWT-EventQueue-0} INFO  com.cakir.connect.DatabaseConnection  - Treiber wurde geladen.
13 Feb 2020 21:47:06,168 {AWT-EventQueue-0} INFO  com.cakir.connect.DatabaseConnection  - Verbindung aufgebaut.
13 Feb 2020 21:47:10,051 {AWT-EventQueue-0} INFO  com.cakir.connect.DatabaseConnection  - Treiber wurde geladen.
13 Feb 2020 21:47:10,065 {AWT-EventQueue-0} INFO  com.cakir.connect.DatabaseConnection  - Verbindung aufgebaut.
13 Feb 2020 21:47:10,066 {AWT-EventQueue-0} INFO  com.cakir.connect.DatabaseConnection  - Treiber wurde geladen.
13 Feb 2020 21:47:10,081 {AWT-EventQueue-0} INFO  com.cakir.connect.DatabaseConnection  - Verbindung aufgebaut.
13 Feb 2020 21:47:10,082 {AWT-EventQueue-0} INFO  com.cakir.connect.DatabaseConnection  - Treiber wurde geladen.
13 Feb 2020 21:47:10,093 {AWT-EventQueue-0} INFO  com.cakir.connect.DatabaseConnection  - Verbindung aufgebaut.
13 Feb 2020 21:53:12,121 {AWT-EventQueue-0} INFO  com.cakir.connect.DatabaseConnection  - Treiber wurde geladen.
13 Feb 2020 21:53:13,039 {AWT-EventQueue-0} INFO  com.cakir.connect.DatabaseConnection  - Verbindung aufgebaut.
13 Feb 2020 21:55:56,936 {AWT-EventQueue-0} INFO  com.cakir.connect.DatabaseConnection  - Treiber wurde geladen.
13 Feb 2020 21:55:57,889 {AWT-EventQueue-0} INFO  com.cakir.connect.DatabaseConnection  - Verbindung aufgebaut.
13 Feb 2020 21:55:57,891 {AWT-EventQueue-0} INFO  com.cakir.connect.DatabaseConnection  - Treiber wurde geladen.
13 Feb 2020 21:55:57,905 {AWT-EventQueue-0} INFO  com.cakir.connect.DatabaseConnection  - Verbindung aufgebaut.
13 Feb 2020 21:55:57,906 {AWT-EventQueue-0} INFO  com.cakir.connect.DatabaseConnection  - Treiber wurde geladen.
13 Feb 2020 21:55:57,919 {AWT-EventQueue-0} INFO  com.cakir.connect.DatabaseConnection  - Verbindung aufgebaut.
13 Feb 2020 21:56:11,011 {AWT-EventQueue-0} INFO  com.cakir.connect.DatabaseConnection  - Treiber wurde geladen.
13 Feb 2020 21:56:11,023 {AWT-EventQueue-0} INFO  com.cakir.connect.DatabaseConnection  - Verbindung aufgebaut.
13 Feb 2020 21:56:11,023 {AWT-EventQueue-0} INFO  com.cakir.connect.DatabaseConnection  - Treiber wurde geladen.
13 Feb 2020 21:56:11,035 {AWT-EventQueue-0} INFO  com.cakir.connect.DatabaseConnection  - Verbindung aufgebaut.
13 Feb 2020 21:56:11,035 {AWT-EventQueue-0} INFO  com.cakir.connect.DatabaseConnection  - Treiber wurde geladen.
13 Feb 2020 21:56:11,047 {AWT-EventQueue-0} INFO  com.cakir.connect.DatabaseConnection  - Verbindung aufgebaut.
13 Feb 2020 21:56:18,113 {AWT-EventQueue-0} INFO  com.cakir.connect.DatabaseConnection  - Treiber wurde geladen.
13 Feb 2020 21:56:18,124 {AWT-EventQueue-0} INFO  com.cakir.connect.DatabaseConnection  - Verbindung aufgebaut.
13 Feb 2020 21:56:18,124 {AWT-EventQueue-0} INFO  com.cakir.connect.DatabaseConnection  - Treiber wurde geladen.
13 Feb 2020 21:56:18,134 {AWT-EventQueue-0} INFO  com.cakir.connect.DatabaseConnection  - Verbindung aufgebaut.
13 Feb 2020 21:56:18,134 {AWT-EventQueue-0} INFO  com.cakir.connect.DatabaseConnection  - Treiber wurde geladen.
13 Feb 2020 21:56:18,144 {AWT-EventQueue-0} INFO  com.cakir.connect.DatabaseConnection  - Verbindung aufgebaut.
14 Feb 2020 20:44:47,166 {AWT-EventQueue-0} INFO  com.cakir.connect.DatabaseConnection  - Treiber wurde geladen.
14 Feb 2020 20:44:48,212 {AWT-EventQueue-0} INFO  com.cakir.connect.DatabaseConnection  - Verbindung aufgebaut.
14 Feb 2020 20:44:48,226 {AWT-EventQueue-0} INFO  com.cakir.connect.DatabaseConnection  - Treiber wurde geladen.
14 Feb 2020 20:44:48,245 {AWT-EventQueue-0} INFO  com.cakir.connect.DatabaseConnection  - Verbindung aufgebaut.
14 Feb 2020 20:44:48,245 {AWT-EventQueue-0} INFO  com.cakir.connect.DatabaseConnection  - Treiber wurde geladen.
14 Feb 2020 20:44:48,259 {AWT-EventQueue-0} INFO  com.cakir.connect.DatabaseConnection  - Verbindung aufgebaut.
14 Feb 2020 20:44:52,661 {AWT-EventQueue-0} INFO  com.cakir.connect.DatabaseConnection  - Treiber wurde geladen.
14 Feb 2020 20:44:52,674 {AWT-EventQueue-0} INFO  com.cakir.connect.DatabaseConnection  - Verbindung aufgebaut.
14 Feb 2020 20:44:52,674 {AWT-EventQueue-0} INFO  com.cakir.connect.DatabaseConnection  - Treiber wurde geladen.
14 Feb 2020 20:44:52,686 {AWT-EventQueue-0} INFO  com.cakir.connect.DatabaseConnection  - Verbindung aufgebaut.
14 Feb 2020 20:44:52,687 {AWT-EventQueue-0} INFO  com.cakir.connect.DatabaseConnection  - Treiber wurde geladen.
14 Feb 2020 20:44:52,699 {AWT-EventQueue-0} INFO  com.cakir.connect.DatabaseConnection  - Verbindung aufgebaut.
14 Feb 2020 20:44:55,116 {AWT-EventQueue-0} INFO  com.cakir.connect.DatabaseConnection  - Treiber wurde geladen.
14 Feb 2020 20:44:55,128 {AWT-EventQueue-0} INFO  com.cakir.connect.DatabaseConnection  - Verbindung aufgebaut.
