10 Feb 2020 21:04:16,989 {AWT-EventQueue-0} INFO  com.cakir.service.MitarbeiterServiceImpl  - Neue Mitarbeiter in Datenbank gespeichert.
10 Feb 2020 21:13:02,592 {AWT-EventQueue-0} INFO  com.cakir.service.MitarbeiterServiceImpl  - Neue Mitarbeiter in Datenbank gespeichert.
10 Feb 2020 21:33:17,618 {AWT-EventQueue-0} INFO  com.cakir.service.MitarbeiterServiceImpl  - Neue Mitarbeiter in Datenbank gespeichert.
10 Feb 2020 21:38:29,971 {AWT-EventQueue-0} INFO  com.cakir.service.MitarbeiterServiceImpl  - Neue Mitarbeiter in Datenbank gespeichert.
10 Feb 2020 21:39:32,212 {AWT-EventQueue-0} INFO  com.cakir.service.MitarbeiterServiceImpl  - Neue Mitarbeiter in Datenbank gespeichert.
10 Feb 2020 21:40:31,385 {AWT-EventQueue-0} INFO  com.cakir.service.MitarbeiterServiceImpl  - Neue Mitarbeiter in Datenbank gespeichert.
10 Feb 2020 21:40:52,912 {AWT-EventQueue-0} INFO  com.cakir.service.MitarbeiterServiceImpl  - Neue Mitarbeiter in Datenbank gespeichert.
10 Feb 2020 21:44:14,208 {main} INFO  com.cakir.service.MitarbeiterServiceImpl  - Alle Mitarbeiter wurden aufgelistet.
10 Feb 2020 21:44:49,010 {AWT-EventQueue-0} INFO  com.cakir.service.MitarbeiterServiceImpl  - Neue Mitarbeiter in Datenbank gespeichert.
10 Feb 2020 21:44:49,128 {AWT-EventQueue-0} INFO  com.cakir.service.MitarbeiterServiceImpl  - Alle Mitarbeiter wurden aufgelistet.
10 Feb 2020 21:49:20,313 {main} INFO  com.cakir.service.MitarbeiterServiceImpl  - Alle Mitarbeiter wurden aufgelistet.
10 Feb 2020 21:50:55,512 {main} INFO  com.cakir.service.MitarbeiterServiceImpl  - Alle Mitarbeiter wurden aufgelistet.
10 Feb 2020 21:51:37,258 {main} INFO  com.cakir.service.MitarbeiterServiceImpl  - Alle Mitarbeiter wurden aufgelistet.
10 Feb 2020 21:52:06,947 {main} INFO  com.cakir.service.MitarbeiterServiceImpl  - Alle Mitarbeiter wurden aufgelistet.
10 Feb 2020 21:54:56,514 {main} INFO  com.cakir.service.MitarbeiterServiceImpl  - Alle Mitarbeiter wurden aufgelistet.
10 Feb 2020 21:56:36,895 {main} INFO  com.cakir.service.MitarbeiterServiceImpl  - Alle Mitarbeiter wurden aufgelistet.
10 Feb 2020 21:57:07,088 {main} INFO  com.cakir.service.MitarbeiterServiceImpl  - Alle Mitarbeiter wurden aufgelistet.
10 Feb 2020 21:57:23,555 {main} INFO  com.cakir.service.MitarbeiterServiceImpl  - Alle Mitarbeiter wurden aufgelistet.
10 Feb 2020 22:04:46,443 {main} INFO  com.cakir.service.MitarbeiterServiceImpl  - Alle Mitarbeiter wurden aufgelistet.
10 Feb 2020 22:06:33,200 {main} INFO  com.cakir.service.MitarbeiterServiceImpl  - Alle Mitarbeiter wurden aufgelistet.
10 Feb 2020 22:10:02,864 {main} INFO  com.cakir.service.MitarbeiterServiceImpl  - Alle Mitarbeiter wurden aufgelistet.
11 Feb 2020 20:36:11,078 {main} INFO  com.cakir.service.MitarbeiterServiceImpl  - Alle Mitarbeiter wurden aufgelistet.
11 Feb 2020 20:40:13,005 {main} INFO  com.cakir.service.MitarbeiterServiceImpl  - Alle Mitarbeiter wurden aufgelistet.
11 Feb 2020 20:41:37,084 {main} INFO  com.cakir.service.MitarbeiterServiceImpl  - Alle Mitarbeiter wurden aufgelistet.
11 Feb 2020 20:41:43,021 {main} INFO  com.cakir.service.MitarbeiterServiceImpl  - Alle Mitarbeiter wurden aufgelistet.
11 Feb 2020 20:41:46,650 {AWT-EventQueue-0} INFO  com.cakir.service.MitarbeiterServiceImpl  - Neue Mitarbeiter in Datenbank gespeichert.
11 Feb 2020 20:41:46,699 {AWT-EventQueue-0} INFO  com.cakir.service.MitarbeiterServiceImpl  - Alle Mitarbeiter wurden aufgelistet.
11 Feb 2020 20:43:02,628 {main} INFO  com.cakir.service.MitarbeiterServiceImpl  - Alle Mitarbeiter wurden aufgelistet.
11 Feb 2020 20:43:33,256 {main} INFO  com.cakir.service.MitarbeiterServiceImpl  - Alle Mitarbeiter wurden aufgelistet.
11 Feb 2020 20:43:36,653 {AWT-EventQueue-0} INFO  com.cakir.service.MitarbeiterServiceImpl  - ID : 21 Mitarbeiter wurde gefunden.
11 Feb 2020 20:43:36,961 {AWT-EventQueue-0} INFO  com.cakir.service.MitarbeiterServiceImpl  - ID : 21 Mitarbeiter wurde von Datenbank gelöscht.
11 Feb 2020 20:44:29,378 {main} INFO  com.cakir.service.MitarbeiterServiceImpl  - Alle Mitarbeiter wurden aufgelistet.
11 Feb 2020 20:44:36,852 {AWT-EventQueue-0} INFO  com.cakir.service.MitarbeiterServiceImpl  - ID : 19 Mitarbeiter wurde gefunden.
11 Feb 2020 20:44:36,998 {AWT-EventQueue-0} INFO  com.cakir.service.MitarbeiterServiceImpl  - ID : 19 Mitarbeiter wurde von Datenbank gelöscht.
11 Feb 2020 20:47:52,118 {main} INFO  com.cakir.service.MitarbeiterServiceImpl  - Alle Mitarbeiter wurden aufgelistet.
11 Feb 2020 20:49:13,563 {main} INFO  com.cakir.service.MitarbeiterServiceImpl  - Alle Mitarbeiter wurden aufgelistet.
11 Feb 2020 20:51:36,825 {main} INFO  com.cakir.service.MitarbeiterServiceImpl  - Alle Mitarbeiter wurden aufgelistet.
11 Feb 2020 20:51:45,397 {AWT-EventQueue-0} INFO  com.cakir.service.MitarbeiterServiceImpl  - ID : 18 Mitarbeiter wurde gefunden.
11 Feb 2020 20:51:45,563 {AWT-EventQueue-0} INFO  com.cakir.service.MitarbeiterServiceImpl  - ID : 18 Mitarbeiter wurde von Datenbank gelöscht.
11 Feb 2020 20:52:15,559 {main} INFO  com.cakir.service.MitarbeiterServiceImpl  - Alle Mitarbeiter wurden aufgelistet.
11 Feb 2020 20:52:19,514 {AWT-EventQueue-0} INFO  com.cakir.service.MitarbeiterServiceImpl  - ID : 17 Mitarbeiter wurde gefunden.
11 Feb 2020 20:52:19,640 {AWT-EventQueue-0} INFO  com.cakir.service.MitarbeiterServiceImpl  - ID : 17 Mitarbeiter wurde von Datenbank gelöscht.
11 Feb 2020 20:52:20,659 {AWT-EventQueue-0} INFO  com.cakir.service.MitarbeiterServiceImpl  - Alle Mitarbeiter wurden aufgelistet.
11 Feb 2020 20:52:23,276 {AWT-EventQueue-0} INFO  com.cakir.service.MitarbeiterServiceImpl  - ID : 16 Mitarbeiter wurde gefunden.
11 Feb 2020 20:52:23,367 {AWT-EventQueue-0} INFO  com.cakir.service.MitarbeiterServiceImpl  - ID : 16 Mitarbeiter wurde von Datenbank gelöscht.
11 Feb 2020 20:52:24,785 {AWT-EventQueue-0} INFO  com.cakir.service.MitarbeiterServiceImpl  - Alle Mitarbeiter wurden aufgelistet.
11 Feb 2020 20:53:05,594 {main} INFO  com.cakir.service.MitarbeiterServiceImpl  - Alle Mitarbeiter wurden aufgelistet.
11 Feb 2020 20:53:08,219 {AWT-EventQueue-0} INFO  com.cakir.service.MitarbeiterServiceImpl  - ID : 15 Mitarbeiter wurde gefunden.
11 Feb 2020 20:53:08,344 {AWT-EventQueue-0} ERROR com.cakir.service.MitarbeiterServiceImpl  - ID : 15 Mitarbeiter wurde in Datenbank nicht gelöscht
java.sql.SQLSyntaxErrorException: Unknown column 'i' in 'where clause'
	at com.mysql.cj.jdbc.exceptions.SQLError.createSQLException(SQLError.java:120)
	at com.mysql.cj.jdbc.exceptions.SQLError.createSQLException(SQLError.java:97)
	at com.mysql.cj.jdbc.exceptions.SQLExceptionsMapping.translateException(SQLExceptionsMapping.java:122)
	at com.mysql.cj.jdbc.StatementImpl.executeUpdateInternal(StatementImpl.java:1335)
	at com.mysql.cj.jdbc.StatementImpl.executeLargeUpdate(StatementImpl.java:2108)
	at com.mysql.cj.jdbc.StatementImpl.executeUpdate(StatementImpl.java:1245)
	at com.cakir.service.MitarbeiterServiceImpl.deleteMitarbeiter(MitarbeiterServiceImpl.java:103)
	at com.cakir.jframe.MitarbeiterFrame$4.actionPerformed(MitarbeiterFrame.java:203)
	at javax.swing.AbstractButton.fireActionPerformed(AbstractButton.java:2022)
	at javax.swing.AbstractButton$Handler.actionPerformed(AbstractButton.java:2348)
	at javax.swing.DefaultButtonModel.fireActionPerformed(DefaultButtonModel.java:402)
	at javax.swing.DefaultButtonModel.setPressed(DefaultButtonModel.java:259)
	at javax.swing.plaf.basic.BasicButtonListener.mouseReleased(BasicButtonListener.java:252)
	at java.awt.Component.processMouseEvent(Component.java:6539)
	at javax.swing.JComponent.processMouseEvent(JComponent.java:3324)
	at java.awt.Component.processEvent(Component.java:6304)
	at java.awt.Container.processEvent(Container.java:2239)
	at java.awt.Component.dispatchEventImpl(Component.java:4889)
	at java.awt.Container.dispatchEventImpl(Container.java:2297)
	at java.awt.Component.dispatchEvent(Component.java:4711)
	at java.awt.LightweightDispatcher.retargetMouseEvent(Container.java:4904)
	at java.awt.LightweightDispatcher.processMouseEvent(Container.java:4535)
	at java.awt.LightweightDispatcher.dispatchEvent(Container.java:4476)
	at java.awt.Container.dispatchEventImpl(Container.java:2283)
	at java.awt.Window.dispatchEventImpl(Window.java:2746)
	at java.awt.Component.dispatchEvent(Component.java:4711)
	at java.awt.EventQueue.dispatchEventImpl(EventQueue.java:760)
	at java.awt.EventQueue.access$500(EventQueue.java:97)
	at java.awt.EventQueue$3.run(EventQueue.java:709)
	at java.awt.EventQueue$3.run(EventQueue.java:703)
	at java.security.AccessController.doPrivileged(Native Method)
	at java.security.ProtectionDomain$JavaSecurityAccessImpl.doIntersectionPrivilege(ProtectionDomain.java:74)
	at java.security.ProtectionDomain$JavaSecurityAccessImpl.doIntersectionPrivilege(ProtectionDomain.java:84)
	at java.awt.EventQueue$4.run(EventQueue.java:733)
	at java.awt.EventQueue$4.run(EventQueue.java:731)
	at java.security.AccessController.doPrivileged(Native Method)
	at java.security.ProtectionDomain$JavaSecurityAccessImpl.doIntersectionPrivilege(ProtectionDomain.java:74)
	at java.awt.EventQueue.dispatchEvent(EventQueue.java:730)
	at java.awt.EventDispatchThread.pumpOneEventForFilters(EventDispatchThread.java:205)
	at java.awt.EventDispatchThread.pumpEventsForFilter(EventDispatchThread.java:116)
	at java.awt.EventDispatchThread.pumpEventsForHierarchy(EventDispatchThread.java:105)
	at java.awt.EventDispatchThread.pumpEvents(EventDispatchThread.java:101)
	at java.awt.EventDispatchThread.pumpEvents(EventDispatchThread.java:93)
	at java.awt.EventDispatchThread.run(EventDispatchThread.java:82)
11 Feb 2020 20:54:33,092 {main} INFO  com.cakir.service.MitarbeiterServiceImpl  - Alle Mitarbeiter wurden aufgelistet.
11 Feb 2020 20:54:40,561 {AWT-EventQueue-0} INFO  com.cakir.service.MitarbeiterServiceImpl  - ID : 15 Mitarbeiter wurde gefunden.
11 Feb 2020 20:54:40,665 {AWT-EventQueue-0} INFO  com.cakir.service.MitarbeiterServiceImpl  - ID : 15 Mitarbeiter wurde von Datenbank gelöscht.
11 Feb 2020 20:54:41,819 {AWT-EventQueue-0} INFO  com.cakir.service.MitarbeiterServiceImpl  - Alle Mitarbeiter wurden aufgelistet.
11 Feb 2020 20:54:44,081 {AWT-EventQueue-0} INFO  com.cakir.service.MitarbeiterServiceImpl  - ID : 13 Mitarbeiter wurde gefunden.
11 Feb 2020 20:54:44,231 {AWT-EventQueue-0} INFO  com.cakir.service.MitarbeiterServiceImpl  - ID : 13 Mitarbeiter wurde von Datenbank gelöscht.
11 Feb 2020 20:54:45,219 {AWT-EventQueue-0} INFO  com.cakir.service.MitarbeiterServiceImpl  - Alle Mitarbeiter wurden aufgelistet.
11 Feb 2020 20:55:33,637 {main} INFO  com.cakir.service.MitarbeiterServiceImpl  - Alle Mitarbeiter wurden aufgelistet.
11 Feb 2020 20:56:17,681 {main} INFO  com.cakir.service.MitarbeiterServiceImpl  - Alle Mitarbeiter wurden aufgelistet.
11 Feb 2020 20:57:19,648 {main} INFO  com.cakir.service.MitarbeiterServiceImpl  - Alle Mitarbeiter wurden aufgelistet.
11 Feb 2020 20:57:26,537 {main} INFO  com.cakir.service.MitarbeiterServiceImpl  - Alle Mitarbeiter wurden aufgelistet.
11 Feb 2020 20:57:31,726 {AWT-EventQueue-0} INFO  com.cakir.service.MitarbeiterServiceImpl  - ID : 12 Mitarbeiter wurde gefunden.
11 Feb 2020 20:57:31,812 {AWT-EventQueue-0} INFO  com.cakir.service.MitarbeiterServiceImpl  - ID : 12 Mitarbeiter wurde von Datenbank gelöscht.
11 Feb 2020 20:57:32,965 {AWT-EventQueue-0} INFO  com.cakir.service.MitarbeiterServiceImpl  - Alle Mitarbeiter wurden aufgelistet.
11 Feb 2020 20:57:38,367 {AWT-EventQueue-0} INFO  com.cakir.service.MitarbeiterServiceImpl  - ID : 1 Mitarbeiter wurde gefunden.
11 Feb 2020 20:57:38,498 {AWT-EventQueue-0} INFO  com.cakir.service.MitarbeiterServiceImpl  - ID : 1 Mitarbeiter wurde von Datenbank gelöscht.
11 Feb 2020 20:57:39,750 {AWT-EventQueue-0} INFO  com.cakir.service.MitarbeiterServiceImpl  - Alle Mitarbeiter wurden aufgelistet.
11 Feb 2020 20:57:40,834 {AWT-EventQueue-0} INFO  com.cakir.service.MitarbeiterServiceImpl  - ID : 2 Mitarbeiter wurde gefunden.
11 Feb 2020 20:57:40,999 {AWT-EventQueue-0} INFO  com.cakir.service.MitarbeiterServiceImpl  - ID : 2 Mitarbeiter wurde von Datenbank gelöscht.
11 Feb 2020 20:57:41,932 {AWT-EventQueue-0} INFO  com.cakir.service.MitarbeiterServiceImpl  - Alle Mitarbeiter wurden aufgelistet.
11 Feb 2020 21:33:04,746 {main} INFO  com.cakir.service.MitarbeiterServiceImpl  - Alle Mitarbeiter wurden aufgelistet.
11 Feb 2020 21:34:19,374 {main} INFO  com.cakir.service.MitarbeiterServiceImpl  - Alle Mitarbeiter wurden aufgelistet.
11 Feb 2020 21:34:25,359 {AWT-EventQueue-0} INFO  com.cakir.service.MitarbeiterServiceImpl  - ID : 11 Mitarbeiter wurde gefunden.
11 Feb 2020 21:36:27,930 {main} INFO  com.cakir.service.MitarbeiterServiceImpl  - Alle Mitarbeiter wurden aufgelistet.
11 Feb 2020 21:36:30,322 {AWT-EventQueue-0} INFO  com.cakir.service.MitarbeiterServiceImpl  - ID : 10 Mitarbeiter wurde gefunden.
11 Feb 2020 21:37:37,527 {main} INFO  com.cakir.service.MitarbeiterServiceImpl  - Alle Mitarbeiter wurden aufgelistet.
11 Feb 2020 21:37:40,178 {AWT-EventQueue-0} INFO  com.cakir.service.MitarbeiterServiceImpl  - ID : 3 Mitarbeiter wurde gefunden.
11 Feb 2020 21:37:43,511 {AWT-EventQueue-0} INFO  com.cakir.service.MitarbeiterServiceImpl  - ID : 6 Mitarbeiter wurde gefunden.
11 Feb 2020 21:37:47,170 {AWT-EventQueue-0} INFO  com.cakir.service.MitarbeiterServiceImpl  - ID : 9 Mitarbeiter wurde gefunden.
11 Feb 2020 21:37:49,368 {AWT-EventQueue-0} INFO  com.cakir.service.MitarbeiterServiceImpl  - ID : 11 Mitarbeiter wurde gefunden.
11 Feb 2020 21:44:27,444 {main} INFO  com.cakir.service.MitarbeiterServiceImpl  - Alle Mitarbeiter wurden aufgelistet.
11 Feb 2020 21:44:30,522 {AWT-EventQueue-0} INFO  com.cakir.service.MitarbeiterServiceImpl  - ID : 5 Mitarbeiter wurde gefunden.
11 Feb 2020 21:44:55,600 {AWT-EventQueue-0} INFO  com.cakir.service.MitarbeiterServiceImpl  - ID : 5 Mitarbeiter wurde gefunden.
11 Feb 2020 21:44:55,791 {AWT-EventQueue-0} INFO  com.cakir.service.MitarbeiterServiceImpl  - ID :5 Mitarbeiter wurde aktualisiert.
11 Feb 2020 21:44:55,909 {AWT-EventQueue-0} INFO  com.cakir.service.MitarbeiterServiceImpl  - Alle Mitarbeiter wurden aufgelistet.
11 Feb 2020 21:46:02,415 {main} INFO  com.cakir.service.MitarbeiterServiceImpl  - Alle Mitarbeiter wurden aufgelistet.
11 Feb 2020 21:46:45,473 {main} INFO  com.cakir.service.MitarbeiterServiceImpl  - Alle Mitarbeiter wurden aufgelistet.
11 Feb 2020 21:47:45,172 {main} INFO  com.cakir.service.MitarbeiterServiceImpl  - Alle Mitarbeiter wurden aufgelistet.
11 Feb 2020 21:47:48,505 {AWT-EventQueue-0} INFO  com.cakir.service.MitarbeiterServiceImpl  - Neue Mitarbeiter in Datenbank gespeichert.
11 Feb 2020 21:47:48,634 {AWT-EventQueue-0} INFO  com.cakir.service.MitarbeiterServiceImpl  - Alle Mitarbeiter wurden aufgelistet.
11 Feb 2020 21:47:52,284 {AWT-EventQueue-0} INFO  com.cakir.service.MitarbeiterServiceImpl  - ID : 22 Mitarbeiter wurde gefunden.
11 Feb 2020 21:48:01,990 {AWT-EventQueue-0} INFO  com.cakir.service.MitarbeiterServiceImpl  - ID : 22 Mitarbeiter wurde gefunden.
11 Feb 2020 21:48:02,075 {AWT-EventQueue-0} INFO  com.cakir.service.MitarbeiterServiceImpl  - ID :22 Mitarbeiter wurde aktualisiert.
11 Feb 2020 21:48:02,128 {AWT-EventQueue-0} INFO  com.cakir.service.MitarbeiterServiceImpl  - Alle Mitarbeiter wurden aufgelistet.
11 Feb 2020 21:48:08,476 {AWT-EventQueue-0} INFO  com.cakir.service.MitarbeiterServiceImpl  - ID : 22 Mitarbeiter wurde gefunden.
11 Feb 2020 21:48:13,274 {AWT-EventQueue-0} INFO  com.cakir.service.MitarbeiterServiceImpl  - ID : 22 Mitarbeiter wurde gefunden.
11 Feb 2020 21:48:13,407 {AWT-EventQueue-0} INFO  com.cakir.service.MitarbeiterServiceImpl  - ID :22 Mitarbeiter wurde aktualisiert.
11 Feb 2020 21:48:13,439 {AWT-EventQueue-0} INFO  com.cakir.service.MitarbeiterServiceImpl  - Alle Mitarbeiter wurden aufgelistet.
11 Feb 2020 21:48:17,753 {AWT-EventQueue-0} INFO  com.cakir.service.MitarbeiterServiceImpl  - ID : 22 Mitarbeiter wurde gefunden.
11 Feb 2020 21:50:01,893 {main} INFO  com.cakir.service.MitarbeiterServiceImpl  - Alle Mitarbeiter wurden aufgelistet.
11 Feb 2020 21:50:12,257 {AWT-EventQueue-0} INFO  com.cakir.service.MitarbeiterServiceImpl  - ID : 9 Mitarbeiter wurde gefunden.
11 Feb 2020 21:50:14,022 {AWT-EventQueue-0} INFO  com.cakir.service.MitarbeiterServiceImpl  - ID : 9 Mitarbeiter wurde gefunden.
11 Feb 2020 21:50:14,165 {AWT-EventQueue-0} INFO  com.cakir.service.MitarbeiterServiceImpl  - ID :9 Mitarbeiter wurde aktualisiert.
11 Feb 2020 21:50:14,240 {AWT-EventQueue-0} INFO  com.cakir.service.MitarbeiterServiceImpl  - Alle Mitarbeiter wurden aufgelistet.
11 Feb 2020 21:50:18,879 {AWT-EventQueue-0} INFO  com.cakir.service.MitarbeiterServiceImpl  - ID : 9 Mitarbeiter wurde gefunden.
11 Feb 2020 21:50:18,968 {AWT-EventQueue-0} INFO  com.cakir.service.MitarbeiterServiceImpl  - ID : 9 Mitarbeiter wurde von Datenbank gelöscht.
11 Feb 2020 21:50:19,912 {AWT-EventQueue-0} INFO  com.cakir.service.MitarbeiterServiceImpl  - Alle Mitarbeiter wurden aufgelistet.
11 Feb 2020 21:50:31,796 {AWT-EventQueue-0} INFO  com.cakir.service.MitarbeiterServiceImpl  - ID : 11 Mitarbeiter wurde gefunden.
11 Feb 2020 21:50:36,647 {AWT-EventQueue-0} INFO  com.cakir.service.MitarbeiterServiceImpl  - ID : 11 Mitarbeiter wurde gefunden.
11 Feb 2020 21:50:36,847 {AWT-EventQueue-0} INFO  com.cakir.service.MitarbeiterServiceImpl  - ID :11 Mitarbeiter wurde aktualisiert.
11 Feb 2020 21:50:36,928 {AWT-EventQueue-0} INFO  com.cakir.service.MitarbeiterServiceImpl  - Alle Mitarbeiter wurden aufgelistet.
11 Feb 2020 21:50:39,447 {AWT-EventQueue-0} INFO  com.cakir.service.MitarbeiterServiceImpl  - ID : 11 Mitarbeiter wurde gefunden.
11 Feb 2020 21:50:39,621 {AWT-EventQueue-0} INFO  com.cakir.service.MitarbeiterServiceImpl  - ID : 11 Mitarbeiter wurde von Datenbank gelöscht.
11 Feb 2020 21:50:42,188 {AWT-EventQueue-0} INFO  com.cakir.service.MitarbeiterServiceImpl  - Alle Mitarbeiter wurden aufgelistet.
11 Feb 2020 22:04:12,784 {main} INFO  com.cakir.service.MitarbeiterServiceImpl  - Alle Mitarbeiter wurden aufgelistet.
11 Feb 2020 22:13:23,613 {main} INFO  com.cakir.service.MitarbeiterServiceImpl  - Alle Mitarbeiter wurden aufgelistet.
11 Feb 2020 22:15:25,036 {main} INFO  com.cakir.service.MitarbeiterServiceImpl  - Alle Mitarbeiter wurden aufgelistet.
11 Feb 2020 22:16:46,129 {main} INFO  com.cakir.service.MitarbeiterServiceImpl  - Alle Mitarbeiter wurden aufgelistet.
11 Feb 2020 22:16:55,493 {main} INFO  com.cakir.service.MitarbeiterServiceImpl  - Alle Mitarbeiter wurden aufgelistet.
11 Feb 2020 22:17:29,032 {main} INFO  com.cakir.service.MitarbeiterServiceImpl  - Alle Mitarbeiter wurden aufgelistet.
11 Feb 2020 22:23:05,526 {main} INFO  com.cakir.service.MitarbeiterServiceImpl  - Alle Mitarbeiter wurden aufgelistet.
11 Feb 2020 22:24:45,325 {main} INFO  com.cakir.service.MitarbeiterServiceImpl  - Alle Mitarbeiter wurden aufgelistet.
11 Feb 2020 22:27:02,229 {main} INFO  com.cakir.service.MitarbeiterServiceImpl  - Alle Mitarbeiter wurden aufgelistet.
11 Feb 2020 22:27:51,987 {main} INFO  com.cakir.service.MitarbeiterServiceImpl  - Alle Mitarbeiter wurden aufgelistet.
11 Feb 2020 22:28:29,391 {main} INFO  com.cakir.service.MitarbeiterServiceImpl  - Alle Mitarbeiter wurden aufgelistet.
11 Feb 2020 22:30:47,703 {main} INFO  com.cakir.service.MitarbeiterServiceImpl  - Alle Mitarbeiter wurden aufgelistet.
11 Feb 2020 22:31:20,402 {main} INFO  com.cakir.service.MitarbeiterServiceImpl  - Alle Mitarbeiter wurden aufgelistet.
11 Feb 2020 22:32:03,179 {main} INFO  com.cakir.service.MitarbeiterServiceImpl  - Alle Mitarbeiter wurden aufgelistet.
11 Feb 2020 22:33:51,055 {main} INFO  com.cakir.service.MitarbeiterServiceImpl  - Alle Mitarbeiter wurden aufgelistet.
11 Feb 2020 22:33:54,800 {AWT-EventQueue-0} INFO  com.cakir.service.MitarbeiterServiceImpl  - Neue Mitarbeiter in Datenbank gespeichert.
11 Feb 2020 22:33:55,087 {AWT-EventQueue-0} INFO  com.cakir.service.MitarbeiterServiceImpl  - Alle Mitarbeiter wurden aufgelistet.
11 Feb 2020 22:34:05,421 {AWT-EventQueue-0} INFO  com.cakir.service.MitarbeiterServiceImpl  - ID : 23 Mitarbeiter wurde gefunden.
11 Feb 2020 22:34:05,641 {AWT-EventQueue-0} INFO  com.cakir.service.MitarbeiterServiceImpl  - ID : 23 Mitarbeiter wurde von Datenbank gelöscht.
11 Feb 2020 22:34:07,057 {AWT-EventQueue-0} INFO  com.cakir.service.MitarbeiterServiceImpl  - Alle Mitarbeiter wurden aufgelistet.
11 Feb 2020 22:34:09,028 {AWT-EventQueue-0} INFO  com.cakir.service.MitarbeiterServiceImpl  - ID : 20 Mitarbeiter wurde gefunden.
11 Feb 2020 22:34:16,014 {main} INFO  com.cakir.service.MitarbeiterServiceImpl  - Alle Mitarbeiter wurden aufgelistet.
11 Feb 2020 22:35:07,545 {main} INFO  com.cakir.service.MitarbeiterServiceImpl  - Alle Mitarbeiter wurden aufgelistet.
11 Feb 2020 22:37:58,255 {main} INFO  com.cakir.service.MitarbeiterServiceImpl  - Alle Mitarbeiter wurden aufgelistet.
11 Feb 2020 22:38:26,471 {main} INFO  com.cakir.service.MitarbeiterServiceImpl  - Alle Mitarbeiter wurden aufgelistet.
11 Feb 2020 22:38:49,353 {main} INFO  com.cakir.service.MitarbeiterServiceImpl  - Alle Mitarbeiter wurden aufgelistet.
11 Feb 2020 22:39:08,319 {main} INFO  com.cakir.service.MitarbeiterServiceImpl  - Alle Mitarbeiter wurden aufgelistet.
11 Feb 2020 22:39:14,738 {AWT-EventQueue-0} INFO  com.cakir.service.MitarbeiterServiceImpl  - Neue Mitarbeiter in Datenbank gespeichert.
11 Feb 2020 22:39:14,812 {AWT-EventQueue-0} INFO  com.cakir.service.MitarbeiterServiceImpl  - Alle Mitarbeiter wurden aufgelistet.
11 Feb 2020 22:39:15,410 {AWT-EventQueue-0} INFO  com.cakir.service.MitarbeiterServiceImpl  - Neue Mitarbeiter in Datenbank gespeichert.
11 Feb 2020 22:39:15,478 {AWT-EventQueue-0} INFO  com.cakir.service.MitarbeiterServiceImpl  - Alle Mitarbeiter wurden aufgelistet.
11 Feb 2020 22:39:15,986 {AWT-EventQueue-0} INFO  com.cakir.service.MitarbeiterServiceImpl  - Neue Mitarbeiter in Datenbank gespeichert.
11 Feb 2020 22:39:16,190 {AWT-EventQueue-0} INFO  com.cakir.service.MitarbeiterServiceImpl  - Alle Mitarbeiter wurden aufgelistet.
11 Feb 2020 22:39:16,366 {AWT-EventQueue-0} INFO  com.cakir.service.MitarbeiterServiceImpl  - Neue Mitarbeiter in Datenbank gespeichert.
11 Feb 2020 22:39:16,480 {AWT-EventQueue-0} INFO  com.cakir.service.MitarbeiterServiceImpl  - Alle Mitarbeiter wurden aufgelistet.
11 Feb 2020 22:39:17,458 {AWT-EventQueue-0} INFO  com.cakir.service.MitarbeiterServiceImpl  - Neue Mitarbeiter in Datenbank gespeichert.
11 Feb 2020 22:39:17,493 {AWT-EventQueue-0} INFO  com.cakir.service.MitarbeiterServiceImpl  - Alle Mitarbeiter wurden aufgelistet.
11 Feb 2020 22:39:21,878 {AWT-EventQueue-0} INFO  com.cakir.service.MitarbeiterServiceImpl  - ID : 28 Mitarbeiter wurde gefunden.
11 Feb 2020 22:39:22,107 {AWT-EventQueue-0} INFO  com.cakir.service.MitarbeiterServiceImpl  - ID : 28 Mitarbeiter wurde von Datenbank gelöscht.
11 Feb 2020 22:39:23,714 {AWT-EventQueue-0} INFO  com.cakir.service.MitarbeiterServiceImpl  - Alle Mitarbeiter wurden aufgelistet.
11 Feb 2020 22:39:25,316 {AWT-EventQueue-0} INFO  com.cakir.service.MitarbeiterServiceImpl  - ID : 26 Mitarbeiter wurde gefunden.
11 Feb 2020 22:39:25,475 {AWT-EventQueue-0} INFO  com.cakir.service.MitarbeiterServiceImpl  - ID : 26 Mitarbeiter wurde von Datenbank gelöscht.
11 Feb 2020 22:39:26,520 {AWT-EventQueue-0} INFO  com.cakir.service.MitarbeiterServiceImpl  - Alle Mitarbeiter wurden aufgelistet.
11 Feb 2020 22:39:28,175 {AWT-EventQueue-0} INFO  com.cakir.service.MitarbeiterServiceImpl  - ID : 27 Mitarbeiter wurde gefunden.
11 Feb 2020 22:39:28,441 {AWT-EventQueue-0} INFO  com.cakir.service.MitarbeiterServiceImpl  - ID : 27 Mitarbeiter wurde von Datenbank gelöscht.
11 Feb 2020 22:39:30,735 {AWT-EventQueue-0} INFO  com.cakir.service.MitarbeiterServiceImpl  - Alle Mitarbeiter wurden aufgelistet.
11 Feb 2020 22:39:32,272 {AWT-EventQueue-0} INFO  com.cakir.service.MitarbeiterServiceImpl  - ID : 25 Mitarbeiter wurde gefunden.
11 Feb 2020 22:39:32,390 {AWT-EventQueue-0} INFO  com.cakir.service.MitarbeiterServiceImpl  - ID : 25 Mitarbeiter wurde von Datenbank gelöscht.
11 Feb 2020 22:39:33,689 {AWT-EventQueue-0} INFO  com.cakir.service.MitarbeiterServiceImpl  - Alle Mitarbeiter wurden aufgelistet.
11 Feb 2020 22:39:35,179 {AWT-EventQueue-0} INFO  com.cakir.service.MitarbeiterServiceImpl  - ID : 24 Mitarbeiter wurde gefunden.
11 Feb 2020 22:39:35,284 {AWT-EventQueue-0} INFO  com.cakir.service.MitarbeiterServiceImpl  - ID : 24 Mitarbeiter wurde von Datenbank gelöscht.
11 Feb 2020 22:39:36,279 {AWT-EventQueue-0} INFO  com.cakir.service.MitarbeiterServiceImpl  - Alle Mitarbeiter wurden aufgelistet.
11 Feb 2020 22:40:27,327 {main} INFO  com.cakir.service.MitarbeiterServiceImpl  - Alle Mitarbeiter wurden aufgelistet.
12 Feb 2020 19:38:25,267 {main} INFO  com.cakir.service.MitarbeiterServiceImpl  - Alle Mitarbeiter wurden aufgelistet.
12 Feb 2020 19:40:11,385 {main} INFO  com.cakir.service.MitarbeiterServiceImpl  - Alle Mitarbeiter wurden aufgelistet.
